<?xml version="1.0" encoding="UTF-8"?>
<testsuite xmlns:xsi="http://www.w3.org/2001/XMLSchema-instance" xsi:noNamespaceSchemaLocation="https://maven.apache.org/surefire/maven-surefire-plugin/xsd/surefire-test-report.xsd" name="StepDef.TestRunner" time="2.329" tests="2" errors="2" skipped="0" failures="0">
  <properties>
    <property name="java.specification.version" value="16"/>
    <property name="sun.cpu.isalist" value="amd64"/>
    <property name="sun.jnu.encoding" value="Cp1252"/>
    <property name="java.class.path" value="C:\POC\htmlreports\target\test-classes;C:\POC\htmlreports\target\classes;C:\Users\visos\.m2\repository\io\cucumber\cucumber-java\6.11.0\cucumber-java-6.11.0.jar;C:\Users\visos\.m2\repository\io\cucumber\cucumber-core\6.11.0\cucumber-core-6.11.0.jar;C:\Users\visos\.m2\repository\io\cucumber\cucumber-gherkin\6.11.0\cucumber-gherkin-6.11.0.jar;C:\Users\visos\.m2\repository\io\cucumber\cucumber-gherkin-messages\6.11.0\cucumber-gherkin-messages-6.11.0.jar;C:\Users\visos\.m2\repository\io\cucumber\messages\15.0.0\messages-15.0.0.jar;C:\Users\visos\.m2\repository\io\cucumber\tag-expressions\3.0.1\tag-expressions-3.0.1.jar;C:\Users\visos\.m2\repository\io\cucumber\cucumber-expressions\10.3.0\cucumber-expressions-10.3.0.jar;C:\Users\visos\.m2\repository\io\cucumber\datatable\3.5.0\datatable-3.5.0.jar;C:\Users\visos\.m2\repository\io\cucumber\cucumber-plugin\6.11.0\cucumber-plugin-6.11.0.jar;C:\Users\visos\.m2\repository\io\cucumber\docstring\6.11.0\docstring-6.11.0.jar;C:\Users\visos\.m2\repository\io\cucumber\html-formatter\13.0.0\html-formatter-13.0.0.jar;C:\Users\visos\.m2\repository\io\cucumber\create-meta\4.0.0\create-meta-4.0.0.jar;C:\Users\visos\.m2\repository\org\apiguardian\apiguardian-api\1.1.2\apiguardian-api-1.1.2.jar;C:\Users\visos\.m2\repository\org\seleniumhq\selenium\selenium-java\4.0.0-rc-1\selenium-java-4.0.0-rc-1.jar;C:\Users\visos\.m2\repository\org\seleniumhq\selenium\selenium-api\4.0.0-rc-1\selenium-api-4.0.0-rc-1.jar;C:\Users\visos\.m2\repository\org\seleniumhq\selenium\selenium-chrome-driver\4.0.0-rc-1\selenium-chrome-driver-4.0.0-rc-1.jar;C:\Users\visos\.m2\repository\com\google\auto\service\auto-service-annotations\1.0\auto-service-annotations-1.0.jar;C:\Users\visos\.m2\repository\com\google\auto\service\auto-service\1.0\auto-service-1.0.jar;C:\Users\visos\.m2\repository\com\google\auto\auto-common\1.0\auto-common-1.0.jar;C:\Users\visos\.m2\repository\org\seleniumhq\selenium\selenium-chromium-driver\4.0.0-rc-1\selenium-chromium-driver-4.0.0-rc-1.jar;C:\Users\visos\.m2\repository\org\seleniumhq\selenium\selenium-devtools\4.0.0-rc-1\selenium-devtools-4.0.0-rc-1.jar;C:\Users\visos\.m2\repository\org\seleniumhq\selenium\selenium-http\4.0.0-rc-1\selenium-http-4.0.0-rc-1.jar;C:\Users\visos\.m2\repository\org\seleniumhq\selenium\selenium-json\4.0.0-rc-1\selenium-json-4.0.0-rc-1.jar;C:\Users\visos\.m2\repository\org\seleniumhq\selenium\selenium-devtools-v85\4.0.0-rc-1\selenium-devtools-v85-4.0.0-rc-1.jar;C:\Users\visos\.m2\repository\org\seleniumhq\selenium\selenium-devtools-v92\4.0.0-rc-1\selenium-devtools-v92-4.0.0-rc-1.jar;C:\Users\visos\.m2\repository\org\seleniumhq\selenium\selenium-devtools-v93\4.0.0-rc-1\selenium-devtools-v93-4.0.0-rc-1.jar;C:\Users\visos\.m2\repository\org\seleniumhq\selenium\selenium-edge-driver\4.0.0-rc-1\selenium-edge-driver-4.0.0-rc-1.jar;C:\Users\visos\.m2\repository\org\seleniumhq\selenium\selenium-firefox-driver\4.0.0-rc-1\selenium-firefox-driver-4.0.0-rc-1.jar;C:\Users\visos\.m2\repository\org\seleniumhq\selenium\selenium-firefox-xpi-driver\4.0.0-rc-1\selenium-firefox-xpi-driver-4.0.0-rc-1.jar;C:\Users\visos\.m2\repository\org\seleniumhq\selenium\selenium-ie-driver\4.0.0-rc-1\selenium-ie-driver-4.0.0-rc-1.jar;C:\Users\visos\.m2\repository\org\seleniumhq\selenium\selenium-opera-driver\4.0.0-rc-1\selenium-opera-driver-4.0.0-rc-1.jar;C:\Users\visos\.m2\repository\org\seleniumhq\selenium\selenium-remote-driver\4.0.0-rc-1\selenium-remote-driver-4.0.0-rc-1.jar;C:\Users\visos\.m2\repository\com\beust\jcommander\1.81\jcommander-1.81.jar;C:\Users\visos\.m2\repository\io\netty\netty-buffer\4.1.67.Final\netty-buffer-4.1.67.Final.jar;C:\Users\visos\.m2\repository\io\netty\netty-codec-http\4.1.67.Final\netty-codec-http-4.1.67.Final.jar;C:\Users\visos\.m2\repository\io\netty\netty-codec\4.1.67.Final\netty-codec-4.1.67.Final.jar;C:\Users\visos\.m2\repository\io\netty\netty-handler\4.1.67.Final\netty-handler-4.1.67.Final.jar;C:\Users\visos\.m2\repository\io\netty\netty-common\4.1.67.Final\netty-common-4.1.67.Final.jar;C:\Users\visos\.m2\repository\io\netty\netty-transport-native-epoll\4.1.67.Final\netty-transport-native-epoll-4.1.67.Final.jar;C:\Users\visos\.m2\repository\io\netty\netty-transport-native-kqueue\4.1.67.Final\netty-transport-native-kqueue-4.1.67.Final.jar;C:\Users\visos\.m2\repository\io\netty\netty-transport-native-unix-common\4.1.67.Final\netty-transport-native-unix-common-4.1.67.Final.jar;C:\Users\visos\.m2\repository\io\netty\netty-transport\4.1.67.Final\netty-transport-4.1.67.Final.jar;C:\Users\visos\.m2\repository\io\netty\netty-resolver\4.1.67.Final\netty-resolver-4.1.67.Final.jar;C:\Users\visos\.m2\repository\io\opentelemetry\opentelemetry-api\1.5.0\opentelemetry-api-1.5.0.jar;C:\Users\visos\.m2\repository\io\opentelemetry\opentelemetry-context\1.5.0\opentelemetry-context-1.5.0.jar;C:\Users\visos\.m2\repository\io\opentelemetry\opentelemetry-exporter-logging\1.5.0\opentelemetry-exporter-logging-1.5.0.jar;C:\Users\visos\.m2\repository\io\opentelemetry\opentelemetry-sdk-metrics\1.5.0-alpha\opentelemetry-sdk-metrics-1.5.0-alpha.jar;C:\Users\visos\.m2\repository\io\opentelemetry\opentelemetry-sdk-common\1.5.0\opentelemetry-sdk-common-1.5.0.jar;C:\Users\visos\.m2\repository\io\opentelemetry\opentelemetry-sdk-extension-autoconfigure\1.5.0-alpha\opentelemetry-sdk-extension-autoconfigure-1.5.0-alpha.jar;C:\Users\visos\.m2\repository\io\opentelemetry\opentelemetry-sdk-trace\1.5.0\opentelemetry-sdk-trace-1.5.0.jar;C:\Users\visos\.m2\repository\io\opentelemetry\opentelemetry-api-metrics\1.5.0-alpha\opentelemetry-api-metrics-1.5.0-alpha.jar;C:\Users\visos\.m2\repository\io\opentelemetry\opentelemetry-sdk\1.5.0\opentelemetry-sdk-1.5.0.jar;C:\Users\visos\.m2\repository\io\opentelemetry\opentelemetry-semconv\1.5.0-alpha\opentelemetry-semconv-1.5.0-alpha.jar;C:\Users\visos\.m2\repository\io\ous\jtoml\2.0.0\jtoml-2.0.0.jar;C:\Users\visos\.m2\repository\net\bytebuddy\byte-buddy\1.11.13\byte-buddy-1.11.13.jar;C:\Users\visos\.m2\repository\org\apache\commons\commons-exec\1.3\commons-exec-1.3.jar;C:\Users\visos\.m2\repository\org\asynchttpclient\async-http-client\2.12.3\async-http-client-2.12.3.jar;C:\Users\visos\.m2\repository\org\asynchttpclient\async-http-client-netty-utils\2.12.3\async-http-client-netty-utils-2.12.3.jar;C:\Users\visos\.m2\repository\io\netty\netty-codec-socks\4.1.60.Final\netty-codec-socks-4.1.60.Final.jar;C:\Users\visos\.m2\repository\io\netty\netty-handler-proxy\4.1.60.Final\netty-handler-proxy-4.1.60.Final.jar;C:\Users\visos\.m2\repository\io\netty\netty-transport-native-epoll\4.1.60.Final\netty-transport-native-epoll-4.1.60.Final-linux-x86_64.jar;C:\Users\visos\.m2\repository\io\netty\netty-transport-native-kqueue\4.1.60.Final\netty-transport-native-kqueue-4.1.60.Final-osx-x86_64.jar;C:\Users\visos\.m2\repository\org\reactivestreams\reactive-streams\1.0.3\reactive-streams-1.0.3.jar;C:\Users\visos\.m2\repository\com\typesafe\netty\netty-reactive-streams\2.0.4\netty-reactive-streams-2.0.4.jar;C:\Users\visos\.m2\repository\com\sun\activation\jakarta.activation\1.2.2\jakarta.activation-1.2.2.jar;C:\Users\visos\.m2\repository\org\seleniumhq\selenium\selenium-safari-driver\4.0.0-rc-1\selenium-safari-driver-4.0.0-rc-1.jar;C:\Users\visos\.m2\repository\org\seleniumhq\selenium\selenium-support\4.0.0-rc-1\selenium-support-4.0.0-rc-1.jar;C:\Users\visos\.m2\repository\org\docx4j\docx4j\6.1.2\docx4j-6.1.2.jar;C:\Users\visos\.m2\repository\org\plutext\jaxb-svg11\1.0.2\jaxb-svg11-1.0.2.jar;C:\Users\visos\.m2\repository\net\engio\mbassador\1.2.4.2\mbassador-1.2.4.2.jar;C:\Users\visos\.m2\repository\org\slf4j\slf4j-api\1.7.25\slf4j-api-1.7.25.jar;C:\Users\visos\.m2\repository\org\slf4j\jcl-over-slf4j\1.7.25\jcl-over-slf4j-1.7.25.jar;C:\Users\visos\.m2\repository\org\apache\commons\commons-lang3\3.5\commons-lang3-3.5.jar;C:\Users\visos\.m2\repository\org\apache\commons\commons-compress\1.12\commons-compress-1.12.jar;C:\Users\visos\.m2\repository\commons-codec\commons-codec\1.11\commons-codec-1.11.jar;C:\Users\visos\.m2\repository\commons-io\commons-io\2.5\commons-io-2.5.jar;C:\Users\visos\.m2\repository\org\apache\httpcomponents\httpclient\4.5.6\httpclient-4.5.6.jar;C:\Users\visos\.m2\repository\org\apache\httpcomponents\httpcore\4.4.10\httpcore-4.4.10.jar;C:\Users\visos\.m2\repository\com\fasterxml\jackson\core\jackson-core\2.7.9\jackson-core-2.7.9.jar;C:\Users\visos\.m2\repository\com\fasterxml\jackson\core\jackson-databind\2.7.9.4\jackson-databind-2.7.9.4.jar;C:\Users\visos\.m2\repository\com\fasterxml\jackson\core\jackson-annotations\2.7.0\jackson-annotations-2.7.0.jar;C:\Users\visos\.m2\repository\org\apache\xmlgraphics\xmlgraphics-commons\2.3\xmlgraphics-commons-2.3.jar;C:\Users\visos\.m2\repository\org\apache\avalon\framework\avalon-framework-api\4.3.1\avalon-framework-api-4.3.1.jar;C:\Users\visos\.m2\repository\org\apache\avalon\framework\avalon-framework-impl\4.3.1\avalon-framework-impl-4.3.1.jar;C:\Users\visos\.m2\repository\xalan\xalan\2.7.2\xalan-2.7.2.jar;C:\Users\visos\.m2\repository\xalan\serializer\2.7.2\serializer-2.7.2.jar;C:\Users\visos\.m2\repository\net\arnx\wmf2svg\0.9.8\wmf2svg-0.9.8.jar;C:\Users\visos\.m2\repository\org\antlr\antlr-runtime\3.5.2\antlr-runtime-3.5.2.jar;C:\Users\visos\.m2\repository\org\antlr\stringtemplate\3.2.1\stringtemplate-3.2.1.jar;C:\Users\visos\.m2\repository\antlr\antlr\2.7.7\antlr-2.7.7.jar;C:\Users\visos\.m2\repository\com\google\guava\guava\20.0\guava-20.0.jar;C:\Users\visos\.m2\repository\com\thedeanda\lorem\2.1\lorem-2.1.jar;C:\Users\visos\.m2\repository\io\cucumber\cucumber-junit\6.11.0\cucumber-junit-6.11.0.jar;C:\Users\visos\.m2\repository\junit\junit\4.13.2\junit-4.13.2.jar;C:\Users\visos\.m2\repository\org\hamcrest\hamcrest-core\1.3\hamcrest-core-1.3.jar;"/>
    <property name="java.vm.vendor" value="Oracle Corporation"/>
    <property name="sun.arch.data.model" value="64"/>
    <property name="user.variant" value=""/>
    <property name="java.vendor.url" value="https://java.oracle.com/"/>
    <property name="user.timezone" value="Pacific/Auckland"/>
    <property name="os.name" value="Windows 10"/>
    <property name="java.vm.specification.version" value="16"/>
    <property name="sun.java.launcher" value="SUN_STANDARD"/>
    <property name="user.country" value="NZ"/>
    <property name="sun.boot.library.path" value="C:\Program Files\Java\jdk-16.0.2\bin"/>
    <property name="sun.java.command" value="C:\Users\visos\AppData\Local\Temp\surefire14273122479196899064\surefirebooter16440110606551435940.jar C:\Users\visos\AppData\Local\Temp\surefire14273122479196899064 2021-09-14T10-17-44_516-jvmRun1 surefire11910231644352427329tmp surefire_014866596099386997550tmp"/>
    <property name="jdk.debug" value="release"/>
    <property name="surefire.test.class.path" value="C:\POC\htmlreports\target\test-classes;C:\POC\htmlreports\target\classes;C:\Users\visos\.m2\repository\io\cucumber\cucumber-java\6.11.0\cucumber-java-6.11.0.jar;C:\Users\visos\.m2\repository\io\cucumber\cucumber-core\6.11.0\cucumber-core-6.11.0.jar;C:\Users\visos\.m2\repository\io\cucumber\cucumber-gherkin\6.11.0\cucumber-gherkin-6.11.0.jar;C:\Users\visos\.m2\repository\io\cucumber\cucumber-gherkin-messages\6.11.0\cucumber-gherkin-messages-6.11.0.jar;C:\Users\visos\.m2\repository\io\cucumber\messages\15.0.0\messages-15.0.0.jar;C:\Users\visos\.m2\repository\io\cucumber\tag-expressions\3.0.1\tag-expressions-3.0.1.jar;C:\Users\visos\.m2\repository\io\cucumber\cucumber-expressions\10.3.0\cucumber-expressions-10.3.0.jar;C:\Users\visos\.m2\repository\io\cucumber\datatable\3.5.0\datatable-3.5.0.jar;C:\Users\visos\.m2\repository\io\cucumber\cucumber-plugin\6.11.0\cucumber-plugin-6.11.0.jar;C:\Users\visos\.m2\repository\io\cucumber\docstring\6.11.0\docstring-6.11.0.jar;C:\Users\visos\.m2\repository\io\cucumber\html-formatter\13.0.0\html-formatter-13.0.0.jar;C:\Users\visos\.m2\repository\io\cucumber\create-meta\4.0.0\create-meta-4.0.0.jar;C:\Users\visos\.m2\repository\org\apiguardian\apiguardian-api\1.1.2\apiguardian-api-1.1.2.jar;C:\Users\visos\.m2\repository\org\seleniumhq\selenium\selenium-java\4.0.0-rc-1\selenium-java-4.0.0-rc-1.jar;C:\Users\visos\.m2\repository\org\seleniumhq\selenium\selenium-api\4.0.0-rc-1\selenium-api-4.0.0-rc-1.jar;C:\Users\visos\.m2\repository\org\seleniumhq\selenium\selenium-chrome-driver\4.0.0-rc-1\selenium-chrome-driver-4.0.0-rc-1.jar;C:\Users\visos\.m2\repository\com\google\auto\service\auto-service-annotations\1.0\auto-service-annotations-1.0.jar;C:\Users\visos\.m2\repository\com\google\auto\service\auto-service\1.0\auto-service-1.0.jar;C:\Users\visos\.m2\repository\com\google\auto\auto-common\1.0\auto-common-1.0.jar;C:\Users\visos\.m2\repository\org\seleniumhq\selenium\selenium-chromium-driver\4.0.0-rc-1\selenium-chromium-driver-4.0.0-rc-1.jar;C:\Users\visos\.m2\repository\org\seleniumhq\selenium\selenium-devtools\4.0.0-rc-1\selenium-devtools-4.0.0-rc-1.jar;C:\Users\visos\.m2\repository\org\seleniumhq\selenium\selenium-http\4.0.0-rc-1\selenium-http-4.0.0-rc-1.jar;C:\Users\visos\.m2\repository\org\seleniumhq\selenium\selenium-json\4.0.0-rc-1\selenium-json-4.0.0-rc-1.jar;C:\Users\visos\.m2\repository\org\seleniumhq\selenium\selenium-devtools-v85\4.0.0-rc-1\selenium-devtools-v85-4.0.0-rc-1.jar;C:\Users\visos\.m2\repository\org\seleniumhq\selenium\selenium-devtools-v92\4.0.0-rc-1\selenium-devtools-v92-4.0.0-rc-1.jar;C:\Users\visos\.m2\repository\org\seleniumhq\selenium\selenium-devtools-v93\4.0.0-rc-1\selenium-devtools-v93-4.0.0-rc-1.jar;C:\Users\visos\.m2\repository\org\seleniumhq\selenium\selenium-edge-driver\4.0.0-rc-1\selenium-edge-driver-4.0.0-rc-1.jar;C:\Users\visos\.m2\repository\org\seleniumhq\selenium\selenium-firefox-driver\4.0.0-rc-1\selenium-firefox-driver-4.0.0-rc-1.jar;C:\Users\visos\.m2\repository\org\seleniumhq\selenium\selenium-firefox-xpi-driver\4.0.0-rc-1\selenium-firefox-xpi-driver-4.0.0-rc-1.jar;C:\Users\visos\.m2\repository\org\seleniumhq\selenium\selenium-ie-driver\4.0.0-rc-1\selenium-ie-driver-4.0.0-rc-1.jar;C:\Users\visos\.m2\repository\org\seleniumhq\selenium\selenium-opera-driver\4.0.0-rc-1\selenium-opera-driver-4.0.0-rc-1.jar;C:\Users\visos\.m2\repository\org\seleniumhq\selenium\selenium-remote-driver\4.0.0-rc-1\selenium-remote-driver-4.0.0-rc-1.jar;C:\Users\visos\.m2\repository\com\beust\jcommander\1.81\jcommander-1.81.jar;C:\Users\visos\.m2\repository\io\netty\netty-buffer\4.1.67.Final\netty-buffer-4.1.67.Final.jar;C:\Users\visos\.m2\repository\io\netty\netty-codec-http\4.1.67.Final\netty-codec-http-4.1.67.Final.jar;C:\Users\visos\.m2\repository\io\netty\netty-codec\4.1.67.Final\netty-codec-4.1.67.Final.jar;C:\Users\visos\.m2\repository\io\netty\netty-handler\4.1.67.Final\netty-handler-4.1.67.Final.jar;C:\Users\visos\.m2\repository\io\netty\netty-common\4.1.67.Final\netty-common-4.1.67.Final.jar;C:\Users\visos\.m2\repository\io\netty\netty-transport-native-epoll\4.1.67.Final\netty-transport-native-epoll-4.1.67.Final.jar;C:\Users\visos\.m2\repository\io\netty\netty-transport-native-kqueue\4.1.67.Final\netty-transport-native-kqueue-4.1.67.Final.jar;C:\Users\visos\.m2\repository\io\netty\netty-transport-native-unix-common\4.1.67.Final\netty-transport-native-unix-common-4.1.67.Final.jar;C:\Users\visos\.m2\repository\io\netty\netty-transport\4.1.67.Final\netty-transport-4.1.67.Final.jar;C:\Users\visos\.m2\repository\io\netty\netty-resolver\4.1.67.Final\netty-resolver-4.1.67.Final.jar;C:\Users\visos\.m2\repository\io\opentelemetry\opentelemetry-api\1.5.0\opentelemetry-api-1.5.0.jar;C:\Users\visos\.m2\repository\io\opentelemetry\opentelemetry-context\1.5.0\opentelemetry-context-1.5.0.jar;C:\Users\visos\.m2\repository\io\opentelemetry\opentelemetry-exporter-logging\1.5.0\opentelemetry-exporter-logging-1.5.0.jar;C:\Users\visos\.m2\repository\io\opentelemetry\opentelemetry-sdk-metrics\1.5.0-alpha\opentelemetry-sdk-metrics-1.5.0-alpha.jar;C:\Users\visos\.m2\repository\io\opentelemetry\opentelemetry-sdk-common\1.5.0\opentelemetry-sdk-common-1.5.0.jar;C:\Users\visos\.m2\repository\io\opentelemetry\opentelemetry-sdk-extension-autoconfigure\1.5.0-alpha\opentelemetry-sdk-extension-autoconfigure-1.5.0-alpha.jar;C:\Users\visos\.m2\repository\io\opentelemetry\opentelemetry-sdk-trace\1.5.0\opentelemetry-sdk-trace-1.5.0.jar;C:\Users\visos\.m2\repository\io\opentelemetry\opentelemetry-api-metrics\1.5.0-alpha\opentelemetry-api-metrics-1.5.0-alpha.jar;C:\Users\visos\.m2\repository\io\opentelemetry\opentelemetry-sdk\1.5.0\opentelemetry-sdk-1.5.0.jar;C:\Users\visos\.m2\repository\io\opentelemetry\opentelemetry-semconv\1.5.0-alpha\opentelemetry-semconv-1.5.0-alpha.jar;C:\Users\visos\.m2\repository\io\ous\jtoml\2.0.0\jtoml-2.0.0.jar;C:\Users\visos\.m2\repository\net\bytebuddy\byte-buddy\1.11.13\byte-buddy-1.11.13.jar;C:\Users\visos\.m2\repository\org\apache\commons\commons-exec\1.3\commons-exec-1.3.jar;C:\Users\visos\.m2\repository\org\asynchttpclient\async-http-client\2.12.3\async-http-client-2.12.3.jar;C:\Users\visos\.m2\repository\org\asynchttpclient\async-http-client-netty-utils\2.12.3\async-http-client-netty-utils-2.12.3.jar;C:\Users\visos\.m2\repository\io\netty\netty-codec-socks\4.1.60.Final\netty-codec-socks-4.1.60.Final.jar;C:\Users\visos\.m2\repository\io\netty\netty-handler-proxy\4.1.60.Final\netty-handler-proxy-4.1.60.Final.jar;C:\Users\visos\.m2\repository\io\netty\netty-transport-native-epoll\4.1.60.Final\netty-transport-native-epoll-4.1.60.Final-linux-x86_64.jar;C:\Users\visos\.m2\repository\io\netty\netty-transport-native-kqueue\4.1.60.Final\netty-transport-native-kqueue-4.1.60.Final-osx-x86_64.jar;C:\Users\visos\.m2\repository\org\reactivestreams\reactive-streams\1.0.3\reactive-streams-1.0.3.jar;C:\Users\visos\.m2\repository\com\typesafe\netty\netty-reactive-streams\2.0.4\netty-reactive-streams-2.0.4.jar;C:\Users\visos\.m2\repository\com\sun\activation\jakarta.activation\1.2.2\jakarta.activation-1.2.2.jar;C:\Users\visos\.m2\repository\org\seleniumhq\selenium\selenium-safari-driver\4.0.0-rc-1\selenium-safari-driver-4.0.0-rc-1.jar;C:\Users\visos\.m2\repository\org\seleniumhq\selenium\selenium-support\4.0.0-rc-1\selenium-support-4.0.0-rc-1.jar;C:\Users\visos\.m2\repository\org\docx4j\docx4j\6.1.2\docx4j-6.1.2.jar;C:\Users\visos\.m2\repository\org\plutext\jaxb-svg11\1.0.2\jaxb-svg11-1.0.2.jar;C:\Users\visos\.m2\repository\net\engio\mbassador\1.2.4.2\mbassador-1.2.4.2.jar;C:\Users\visos\.m2\repository\org\slf4j\slf4j-api\1.7.25\slf4j-api-1.7.25.jar;C:\Users\visos\.m2\repository\org\slf4j\jcl-over-slf4j\1.7.25\jcl-over-slf4j-1.7.25.jar;C:\Users\visos\.m2\repository\org\apache\commons\commons-lang3\3.5\commons-lang3-3.5.jar;C:\Users\visos\.m2\repository\org\apache\commons\commons-compress\1.12\commons-compress-1.12.jar;C:\Users\visos\.m2\repository\commons-codec\commons-codec\1.11\commons-codec-1.11.jar;C:\Users\visos\.m2\repository\commons-io\commons-io\2.5\commons-io-2.5.jar;C:\Users\visos\.m2\repository\org\apache\httpcomponents\httpclient\4.5.6\httpclient-4.5.6.jar;C:\Users\visos\.m2\repository\org\apache\httpcomponents\httpcore\4.4.10\httpcore-4.4.10.jar;C:\Users\visos\.m2\repository\com\fasterxml\jackson\core\jackson-core\2.7.9\jackson-core-2.7.9.jar;C:\Users\visos\.m2\repository\com\fasterxml\jackson\core\jackson-databind\2.7.9.4\jackson-databind-2.7.9.4.jar;C:\Users\visos\.m2\repository\com\fasterxml\jackson\core\jackson-annotations\2.7.0\jackson-annotations-2.7.0.jar;C:\Users\visos\.m2\repository\org\apache\xmlgraphics\xmlgraphics-commons\2.3\xmlgraphics-commons-2.3.jar;C:\Users\visos\.m2\repository\org\apache\avalon\framework\avalon-framework-api\4.3.1\avalon-framework-api-4.3.1.jar;C:\Users\visos\.m2\repository\org\apache\avalon\framework\avalon-framework-impl\4.3.1\avalon-framework-impl-4.3.1.jar;C:\Users\visos\.m2\repository\xalan\xalan\2.7.2\xalan-2.7.2.jar;C:\Users\visos\.m2\repository\xalan\serializer\2.7.2\serializer-2.7.2.jar;C:\Users\visos\.m2\repository\net\arnx\wmf2svg\0.9.8\wmf2svg-0.9.8.jar;C:\Users\visos\.m2\repository\org\antlr\antlr-runtime\3.5.2\antlr-runtime-3.5.2.jar;C:\Users\visos\.m2\repository\org\antlr\stringtemplate\3.2.1\stringtemplate-3.2.1.jar;C:\Users\visos\.m2\repository\antlr\antlr\2.7.7\antlr-2.7.7.jar;C:\Users\visos\.m2\repository\com\google\guava\guava\20.0\guava-20.0.jar;C:\Users\visos\.m2\repository\com\thedeanda\lorem\2.1\lorem-2.1.jar;C:\Users\visos\.m2\repository\io\cucumber\cucumber-junit\6.11.0\cucumber-junit-6.11.0.jar;C:\Users\visos\.m2\repository\junit\junit\4.13.2\junit-4.13.2.jar;C:\Users\visos\.m2\repository\org\hamcrest\hamcrest-core\1.3\hamcrest-core-1.3.jar;"/>
    <property name="sun.cpu.endian" value="little"/>
    <property name="user.home" value="C:\Users\visos"/>
    <property name="user.language" value="en"/>
    <property name="java.specification.vendor" value="Oracle Corporation"/>
    <property name="java.version.date" value="2021-07-20"/>
    <property name="java.home" value="C:\Program Files\Java\jdk-16.0.2"/>
    <property name="file.separator" value="\"/>
    <property name="basedir" value="C:\POC\htmlreports"/>
    <property name="java.vm.compressedOopsMode" value="Zero based"/>
    <property name="line.separator" value="&#10;"/>
    <property name="java.vm.specification.vendor" value="Oracle Corporation"/>
    <property name="java.specification.name" value="Java Platform API Specification"/>
    <property name="surefire.real.class.path" value="C:\Users\visos\AppData\Local\Temp\surefire14273122479196899064\surefirebooter16440110606551435940.jar"/>
    <property name="user.script" value=""/>
    <property name="sun.management.compiler" value="HotSpot 64-Bit Tiered Compilers"/>
    <property name="java.runtime.version" value="16.0.2+7-67"/>
    <property name="user.name" value="visos"/>
    <property name="path.separator" value=";"/>
    <property name="os.version" value="10.0"/>
    <property name="java.runtime.name" value="Java(TM) SE Runtime Environment"/>
    <property name="file.encoding" value="Cp1252"/>
    <property name="java.vm.name" value="Java HotSpot(TM) 64-Bit Server VM"/>
    <property name="localRepository" value="C:\Users\visos\.m2\repository"/>
    <property name="java.vendor.url.bug" value="https://bugreport.java.com/bugreport/"/>
    <property name="java.io.tmpdir" value="C:\Users\visos\AppData\Local\Temp\"/>
    <property name="java.version" value="16.0.2"/>
    <property name="user.dir" value="C:\POC\htmlreports"/>
    <property name="os.arch" value="amd64"/>
    <property name="java.vm.specification.name" value="Java Virtual Machine Specification"/>
    <property name="sun.os.patch.level" value=""/>
    <property name="java.library.path" value="C:\Program Files\Java\jdk-16.0.2\bin;C:\WINDOWS\Sun\Java\bin;C:\WINDOWS\system32;C:\WINDOWS;C:/Program Files/Java/jdk-16.0.2/bin/server;C:/Program Files/Java/jdk-16.0.2/bin;C:\Python39\Scripts\;C:\Python39\;C:\WINDOWS\system32;C:\WINDOWS;C:\WINDOWS\System32\Wbem;C:\WINDOWS\System32\WindowsPowerShell\v1.0\;C:\Program Files\Intel\WiFi\bin\;C:\Program Files\Common Files\Intel\WirelessCommon\;C:\WINDOWS\System32\OpenSSH\;C:\Program Files\dotnet\;C:\Program Files\nodejs\;C:\Program Files\Git\cmd;C:\Program Files (x86)\Intel\Intel(R) Management Engine Components\DAL;C:\Program Files\Intel\Intel(R) Management Engine Components\DAL;C:\Program Files\Java\jdk-16.0.2\bin;C:\Program Files\apache-maven-3.8.2\bin;C:\Users\visos\AppData\Local\Microsoft\WindowsApps;C:\Users\visos\.dotnet\tools;C:\Users\visos\AppData\Roaming\npm;C:\Users\visos\AppData\Local\Programs\Microsoft VS Code\bin;C:\WINDOWS\system32;;."/>
    <property name="java.vm.info" value="mixed mode, sharing"/>
    <property name="java.vendor" value="Oracle Corporation"/>
    <property name="java.vm.version" value="16.0.2+7-67"/>
    <property name="sun.io.unicode.encoding" value="UnicodeLittle"/>
    <property name="java.class.version" value="60.0"/>
  </properties>
  <testcase name="Run a non failing scenario" classname="Test cucumber reporting plugin" time="0.673">
    <error message="The step &apos;a successful step&apos; is undefined.&#10;You can implement this step using the snippet(s) below:&#10;&#10;@Given(&quot;a successful step&quot;)&#10;public void a_successful_step() {&#10;    // Write code here that turns the phrase above into concrete actions&#10;    throw new io.cucumber.java.PendingException();&#10;}&#10;" type="io.cucumber.junit.UndefinedStepException">io.cucumber.junit.UndefinedStepException: 
The step 'a successful step' is undefined.
You can implement this step using the snippet(s) below:

@Given("a successful step")
public void a_successful_step() {
    // Write code here that turns the phrase above into concrete actions
    throw new io.cucumber.java.PendingException();
}

</error>
  </testcase>
  <testcase name="Run a failing scenario" classname="Test cucumber reporting plugin" time="0.012">
    <error message="The step &apos;a not successful step&apos; is undefined.&#10;You can implement this step using the snippet(s) below:&#10;&#10;@Given(&quot;a not successful step&quot;)&#10;public void a_not_successful_step() {&#10;    // Write code here that turns the phrase above into concrete actions&#10;    throw new io.cucumber.java.PendingException();&#10;}&#10;" type="io.cucumber.junit.UndefinedStepException">io.cucumber.junit.UndefinedStepException: 
The step 'a not successful step' is undefined.
You can implement this step using the snippet(s) below:

@Given("a not successful step")
public void a_not_successful_step() {
    // Write code here that turns the phrase above into concrete actions
    throw new io.cucumber.java.PendingException();
}

</error>
  </testcase>
</testsuite>